<?xml version="1.0" encoding="UTF-8"?>
<!-- Generated by org.testng.reporters.JUnitXMLReporter -->
<testsuite ignored="4" hostname="Pranitha" failures="0" tests="3" name="Default test" time="75.851" errors="0" timestamp="2024-07-30T17:10:27 IST">
  <testcase classname="com.ELUS.testcases.LoginTest" name="VerifyWithValidCredentials" time="9.346"/>
  <testcase classname="com.ELUS.testcases.LoginTest" name="VerifyWithValidCredentials" time="6.069"/>
  <testcase classname="com.ELUS.testcases.LoginTest" name="VerifyWithValidCredentials" time="10.233"/>
  <testcase classname="com.ELUS.testcases.LoginTest" name="VerifyWithInValidEmail" time="0.0">
    <ignored/>
  </testcase> <!-- VerifyWithInValidEmail -->
  <testcase classname="com.ELUS.testcases.LoginTest" name="VerifyWithInValidCredentials" time="0.0">
    <ignored/>
  </testcase> <!-- VerifyWithInValidCredentials -->
  <testcase classname="com.ELUS.testcases.LoginTest" name="VerifyWithInValidPassword" time="0.0">
    <ignored/>
  </testcase> <!-- VerifyWithInValidPassword -->
  <testcase classname="com.ELUS.testcases.LoginTest" name="VerifyWithoutCredentilas" time="0.0">
    <ignored/>
  </testcase> <!-- VerifyWithoutCredentilas -->
</testsuite> <!-- Default test -->
